2021-07-22 06:33:57,801 DEBUG    root            Loaded Command Group: ['gcloud', 'version']
2021-07-22 06:33:57,810 DEBUG    root            Running [gcloud.version] with arguments: [--format: "json"]
2021-07-22 06:33:57,874 INFO     root            Display format: "flattened[no-pad,separator=" "] json"
2021-07-22 06:33:57,875 INFO     ___FILE_ONLY___ {
  "Google Cloud SDK": "348.0.0",
  "alpha": "2021.07.09",
  "app-engine-go": "1.9.71",
  "app-engine-java": "1.9.90",
  "app-engine-python": "1.9.93",
  "app-engine-python-extras": "1.9.93",
  "beta": "2021.07.09",
  "bigtable": "",
  "bq": "2.0.70",
  "cbt": "0.10.0",
  "cloud-build-local": "0.5.2",
  "cloud-datastore-emulator": "2.1.0",
  "core": "2021.07.09",
  "datalab": "20190610",
  "gsutil": "4.65",
  "kind": "0.7.0",
  "kpt": "0.39.3",
  "local-extract": "1.2.0",
  "minikube": "1.21.0",
  "pubsub-emulator": "0.4.1",
  "skaffold": "1.27.0"
}
2021-07-22 06:33:57,875 INFO     ___FILE_ONLY___ 

