0 verbose cli [
0 verbose cli   '/usr/local/nvm/versions/node/v12.14.1/bin/node',
0 verbose cli   '/usr/local/nvm/versions/node/v12.14.1/bin/npm',
0 verbose cli   'install-g',
0 verbose cli   'firebase',
0 verbose cli   'tools'
0 verbose cli ]
1 info using npm@7.19.1
2 info using node@v12.14.1
3 timing npm:load:whichnode Completed in 0ms
4 timing config:load:defaults Completed in 4ms
5 timing config:load:file:/usr/local/nvm/versions/node/v12.14.1/lib/node_modules/npm/npmrc Completed in 2ms
6 timing config:load:builtin Completed in 2ms
7 timing config:load:cli Completed in 2ms
8 timing config:load:env Completed in 0ms
9 timing config:load:file:/home/ethanh8093/cssi-day8/.npmrc Completed in 1ms
10 timing config:load:project Completed in 2ms
11 timing config:load:file:/home/ethanh8093/.npmrc Completed in 0ms
12 timing config:load:user Completed in 0ms
13 timing config:load:file:/usr/local/nvm/versions/node/v12.14.1/etc/npmrc Completed in 1ms
14 timing config:load:global Completed in 1ms
15 timing config:load:validate Completed in 1ms
16 timing config:load:credentials Completed in 2ms
17 timing config:load:setEnvs Completed in 1ms
18 timing config:load Completed in 15ms
19 timing npm:load:configload Completed in 15ms
20 timing npm:load:setTitle Completed in 0ms
21 timing npm:load:setupLog Completed in 2ms
22 timing npm:load:cleanupLog Completed in 3ms
23 timing npm:load:configScope Completed in 0ms
24 timing npm:load:projectScope Completed in 1ms
25 timing npm:load Completed in 22ms
26 timing config:load:flatten Completed in 3ms
27 verbose stack Error: ENOENT: no such file or directory, open '/home/ethanh8093/cssi-day8/package.json'
28 verbose cwd /home/ethanh8093/cssi-day8
29 verbose Linux 5.4.120+
30 verbose argv "/usr/local/nvm/versions/node/v12.14.1/bin/node" "/usr/local/nvm/versions/node/v12.14.1/bin/npm" "install-g" "firebase" "tools"
31 verbose node v12.14.1
32 verbose npm  v7.19.1
33 error code ENOENT
34 error syscall open
35 error path /home/ethanh8093/cssi-day8/package.json
36 error errno -2
37 error enoent ENOENT: no such file or directory, open '/home/ethanh8093/cssi-day8/package.json'
38 error enoent This is related to npm not being able to find a file.
39 verbose exit -2
